<?xml version="1.0" encoding="UTF-8"?>
<testng-results skipped="0" failed="0" ignored="0" total="1" passed="1">
  <reporter-output>
  </reporter-output>
  <suite name="Suite" duration-ms="13882" started-at="2017-07-08T12:22:42Z" finished-at="2017-07-08T12:22:56Z">
    <groups>
    </groups>
    <test name="Test" duration-ms="13882" started-at="2017-07-08T12:22:42Z" finished-at="2017-07-08T12:22:56Z">
      <class name="TestNGPackage1.Test1">
        <test-method status="PASS" signature="openApp()[pri:0, instance:TestNGPackage1.Test1@5ebec15]" name="openApp" duration-ms="13849" started-at="2017-07-08T17:52:42Z" finished-at="2017-07-08T17:52:56Z">
          <reporter-output>
          </reporter-output>
        </test-method> <!-- openApp -->
      </class> <!-- TestNGPackage1.Test1 -->
    </test> <!-- Test -->
  </suite> <!-- Suite -->
</testng-results>
