<?xml version="1.0" encoding="UTF-8"?>
<testng-results skipped="0" failed="0" ignored="0" total="1" passed="1">
  <reporter-output>
  </reporter-output>
  <suite name="Suite" duration-ms="24082" started-at="2017-07-08T11:53:11Z" finished-at="2017-07-08T11:53:35Z">
    <groups>
    </groups>
    <test name="Test" duration-ms="24082" started-at="2017-07-08T11:53:11Z" finished-at="2017-07-08T11:53:35Z">
      <class name="TestNGPackage1.Test1">
        <test-method status="PASS" signature="openApp()[pri:0, instance:TestNGPackage1.Test1@26be92ad]" name="openApp" duration-ms="24053" started-at="2017-07-08T17:23:11Z" finished-at="2017-07-08T17:23:35Z">
          <reporter-output>
          </reporter-output>
        </test-method> <!-- openApp -->
      </class> <!-- TestNGPackage1.Test1 -->
    </test> <!-- Test -->
  </suite> <!-- Suite -->
</testng-results>
